<?xml version="1.0" encoding="UTF-8"?>
<!-- Generated by org.testng.reporters.JUnitReportReporter -->
<testsuite hostname="DESKTOP-KVS4D73" failures="0" tests="1" name="com.inetBankingV2.testCases.Login_Test" time="3.974" errors="0" timestamp="02 Oct 2021 18:06:28 GMT" skipped="0">
  <testcase classname="com.inetBankingV2.testCases.Login_Test" name="login" time="3.974"/>
</testsuite> <!-- com.inetBankingV2.testCases.Login_Test -->
