<?xml version="1.0" encoding="UTF-8"?>
<!-- Generated by org.testng.reporters.JUnitReportReporter -->
<testsuite skipped="0" hostname="DESKTOP-KVS4D73" name="com.inetBankingV2.testCases.Login_Test" tests="1" failures="0" timestamp="24 Nov 2020 17:19:27 GMT" time="8.259" errors="0">
  <testcase name="login" time="8.259" classname="com.inetBankingV2.testCases.Login_Test"/>
</testsuite> <!-- com.inetBankingV2.testCases.Login_Test -->
