<?xml version="1.0" encoding="UTF-8"?>
<!-- Generated by org.testng.reporters.JUnitReportReporter -->
<testsuite skipped="0" hostname="DESKTOP-KVS4D73" name="com.inetBankingV2.testCases.Login_Test" tests="1" failures="0" timestamp="20 Sep 2021 22:12:26 GMT" time="5.758" errors="0">
  <testcase name="login" time="5.758" classname="com.inetBankingV2.testCases.Login_Test"/>
</testsuite> <!-- com.inetBankingV2.testCases.Login_Test -->
